2026-04-15 18:39:20,354 - INFO - bot.orders - Placing MARKET order: BTCUSDT BUY 0.001
2026-04-15 18:39:21,009 - INFO - bot.orders - Response: {}
2026-04-15 18:47:21,732 - INFO - bot.orders - Placing MARKET order: BTCUSDT BUY 0.001
2026-04-15 18:47:22,868 - INFO - bot.orders - Response: {}
2026-04-15 18:51:14,761 - INFO - bot.orders - Placing MARKET order: BTCUSDT BUY 0.001
2026-04-15 18:51:15,160 - INFO - bot.orders - Response: {'orderId': 13037048833, 'symbol': 'BTCUSDT', 'status': 'NEW', 'clientOrderId': 'Wixb8yEiWmyO9T0o2qv9lc', 'price': '0.00', 'avgPrice': '0.00', 'origQty': '0.0010', 'executedQty': '0.0000', 'cumQty': '0.0000', 'cumQuote': '0.000000', 'timeInForce': 'GTC', 'type': 'MARKET', 'reduceOnly': False, 'closePosition': False, 'side': 'BUY', 'positionSide': 'BOTH', 'stopPrice': '0.00', 'workingType': 'CONTRACT_PRICE', 'priceProtect': False, 'origType': 'MARKET', 'priceMatch': 'NONE', 'selfTradePreventionMode': 'EXPIRE_MAKER', 'goodTillDate': 0, 'updateTime': 1776259275023}
2026-04-15 18:55:12,233 - INFO - bot.orders - Placing LIMIT order: BTCUSDT SELL 0.001 @ 60000.0
2026-04-15 18:55:12,655 - INFO - bot.orders - Response: {'code': -4024, 'msg': "Limit price can't be lower than 70540.17."}
2026-04-15 18:56:33,245 - INFO - bot.orders - Placing LIMIT order: BTCUSDT SELL 0.001 @ 75000.0
2026-04-15 18:56:33,652 - INFO - bot.orders - Response: {'orderId': 13037056617, 'symbol': 'BTCUSDT', 'status': 'NEW', 'clientOrderId': 'iOoJbG5HVLKU8BVjfIkMSS', 'price': '75000.00', 'avgPrice': '0.00', 'origQty': '0.0010', 'executedQty': '0.0000', 'cumQty': '0.0000', 'cumQuote': '0.000000', 'timeInForce': 'GTC', 'type': 'LIMIT', 'reduceOnly': False, 'closePosition': False, 'side': 'SELL', 'positionSide': 'BOTH', 'stopPrice': '0.00', 'workingType': 'CONTRACT_PRICE', 'priceProtect': False, 'origType': 'LIMIT', 'priceMatch': 'NONE', 'selfTradePreventionMode': 'EXPIRE_MAKER', 'goodTillDate': 0, 'updateTime': 1776259593529}
2026-05-18 16:30:13,452 - INFO - bot.orders - Placing MARKET order: BTCUSDT BUY 0.001
2026-05-18 16:30:14,463 - INFO - bot.orders - Response: {'orderId': 13155916184, 'symbol': 'BTCUSDT', 'status': 'NEW', 'clientOrderId': 'LsFsbhftTg50UwwAQajm4W', 'price': '0.00', 'avgPrice': '0.00', 'origQty': '0.0010', 'executedQty': '0.0000', 'cumQty': '0.0000', 'cumQuote': '0.000000', 'timeInForce': 'GTC', 'type': 'MARKET', 'reduceOnly': False, 'closePosition': False, 'side': 'BUY', 'positionSide': 'BOTH', 'stopPrice': '0.00', 'workingType': 'CONTRACT_PRICE', 'priceProtect': False, 'origType': 'MARKET', 'priceMatch': 'NONE', 'selfTradePreventionMode': 'EXPIRE_MAKER', 'goodTillDate': 0, 'updateTime': 1779102013715}
2026-05-18 16:30:25,790 - INFO - bot.orders - Placing LIMIT order: BTCUSDT SELL 0.001 @ 75000.0
2026-05-18 16:30:26,450 - INFO - bot.orders - Response: {'orderId': 13155916788, 'symbol': 'BTCUSDT', 'status': 'NEW', 'clientOrderId': 'oFhJL5l7LOhJfic0EEFcku', 'price': '75000.00', 'avgPrice': '0.00', 'origQty': '0.0010', 'executedQty': '0.0000', 'cumQty': '0.0000', 'cumQuote': '0.000000', 'timeInForce': 'GTC', 'type': 'LIMIT', 'reduceOnly': False, 'closePosition': False, 'side': 'SELL', 'positionSide': 'BOTH', 'stopPrice': '0.00', 'workingType': 'CONTRACT_PRICE', 'priceProtect': False, 'origType': 'LIMIT', 'priceMatch': 'NONE', 'selfTradePreventionMode': 'EXPIRE_MAKER', 'goodTillDate': 0, 'updateTime': 1779102025712}
2026-05-19 15:19:57,913 - INFO - bot.orders - Placing MARKET order: BTCUSDT BUY 0.001
2026-05-19 15:19:58,356 - INFO - bot.orders - Response: {'orderId': 13161639263, 'symbol': 'BTCUSDT', 'status': 'NEW', 'clientOrderId': 'x0gbGqk9quhDm3prEibkue', 'price': '0.00', 'avgPrice': '0.00', 'origQty': '0.0010', 'executedQty': '0.0000', 'cumQty': '0.0000', 'cumQuote': '0.000000', 'timeInForce': 'GTC', 'type': 'MARKET', 'reduceOnly': False, 'closePosition': False, 'side': 'BUY', 'positionSide': 'BOTH', 'stopPrice': '0.00', 'workingType': 'CONTRACT_PRICE', 'priceProtect': False, 'origType': 'MARKET', 'priceMatch': 'NONE', 'selfTradePreventionMode': 'EXPIRE_MAKER', 'goodTillDate': 0, 'updateTime': 1779184197713}
2026-05-19 15:20:34,287 - INFO - bot.orders - Placing LIMIT order: BTCUSDT SELL 0.001 @ 75000.0
2026-05-19 15:20:34,469 - INFO - bot.orders - Response: {'orderId': 13161642740, 'symbol': 'BTCUSDT', 'status': 'NEW', 'clientOrderId': 'aVInnSb2YHBuUpzvm6LP5H', 'price': '75000.00', 'avgPrice': '0.00', 'origQty': '0.0010', 'executedQty': '0.0000', 'cumQty': '0.0000', 'cumQuote': '0.000000', 'timeInForce': 'GTC', 'type': 'LIMIT', 'reduceOnly': False, 'closePosition': False, 'side': 'SELL', 'positionSide': 'BOTH', 'stopPrice': '0.00', 'workingType': 'CONTRACT_PRICE', 'priceProtect': False, 'origType': 'LIMIT', 'priceMatch': 'NONE', 'selfTradePreventionMode': 'EXPIRE_MAKER', 'goodTillDate': 0, 'updateTime': 1779184233823}
2026-05-19 15:46:45,220 - INFO - bot.orders - Placing MARKET order: BTCUSDT BUY 0.001
2026-05-19 15:46:45,691 - INFO - bot.orders - Response: {'orderId': 13161773418, 'symbol': 'BTCUSDT', 'status': 'NEW', 'clientOrderId': 'zUoUiEcsmIKsUOOXE5OGdd', 'price': '0.00', 'avgPrice': '0.00', 'origQty': '0.0010', 'executedQty': '0.0000', 'cumQty': '0.0000', 'cumQuote': '0.000000', 'timeInForce': 'GTC', 'type': 'MARKET', 'reduceOnly': False, 'closePosition': False, 'side': 'BUY', 'positionSide': 'BOTH', 'stopPrice': '0.00', 'workingType': 'CONTRACT_PRICE', 'priceProtect': False, 'origType': 'MARKET', 'priceMatch': 'NONE', 'selfTradePreventionMode': 'EXPIRE_MAKER', 'goodTillDate': 0, 'updateTime': 1779185805099}
2026-05-19 15:46:57,153 - INFO - bot.orders - Placing LIMIT order: BTCUSDT SELL 0.001 @ 75000.0
2026-05-19 15:46:57,569 - INFO - bot.orders - Response: {'orderId': 13161774568, 'symbol': 'BTCUSDT', 'status': 'NEW', 'clientOrderId': 'wDPX8zcVlKQm7dEyjqUmBL', 'price': '75000.00', 'avgPrice': '0.00', 'origQty': '0.0010', 'executedQty': '0.0000', 'cumQty': '0.0000', 'cumQuote': '0.000000', 'timeInForce': 'GTC', 'type': 'LIMIT', 'reduceOnly': False, 'closePosition': False, 'side': 'SELL', 'positionSide': 'BOTH', 'stopPrice': '0.00', 'workingType': 'CONTRACT_PRICE', 'priceProtect': False, 'origType': 'LIMIT', 'priceMatch': 'NONE', 'selfTradePreventionMode': 'EXPIRE_MAKER', 'goodTillDate': 0, 'updateTime': 1779185816983}
